SF:C:\Users\pearsna\Development\csharp\LongNumber\LongNumber\src\ConwayWechslerNotation.cs
FN:108,System.String LongNumber.ConwayWechslerNotation::GetName(System.Int32)
FNDA:16,System.String LongNumber.ConwayWechslerNotation::GetName(System.Int32)
DA:109,16
DA:110,16
DA:111,3
DA:112,3
DA:115,13
DA:117,13
DA:118,46
DA:119,49
DA:120,22
DA:122,13
DA:123,78
DA:124,26
DA:125,26
DA:126,26
DA:127,11
DA:128,11
DA:129,11
DA:131,11
DA:132,11
DA:133,1
DA:134,1
DA:135,1
DA:136,10
DA:137,5
DA:138,5
DA:140,2
DA:141,2
DA:142,2
DA:143,4
DA:145,5
DA:146,11
DA:147,26
DA:148,26
DA:150,13
DA:151,13
DA:152,13
DA:153,13
DA:154,13
DA:155,13
DA:157,13
DA:158,13
DA:159,13
BRDA:110,4,0,14
BRDA:110,4,1,2
BRDA:110,21,0,3
BRDA:110,21,1,13
BRDA:118,66,0,11
BRDA:118,66,1,13
BRDA:119,104,0,12
BRDA:119,104,1,13
BRDA:120,142,0,3
BRDA:120,142,1,13
BRDA:123,455,1,26
BRDA:126,195,0,11
BRDA:126,195,1,15
BRDA:126,219,0,11
BRDA:131,268,0,1
BRDA:131,268,1,10
BRDA:131,290,0,1
BRDA:131,290,1,10
BRDA:136,317,0,5
BRDA:138,332,0,2
BRDA:138,332,1,1
BRDA:138,332,2,1
BRDA:138,332,4,1
BRDA:138,358,1,2
BRDA:138,332,3,5
BRDA:138,358,0,5
BRDA:136,317,1,11
BRDA:126,219,1,26
BRDA:123,455,0,13
BRDA:151,503,0,13
BRDA:151,503,1,13
FN:161,System.ValueTuple`3<System.Int32,System.Int32,System.Int32> LongNumber.ConwayWechslerNotation::SplitSegmentNumber(System.Int32)
FNDA:13,System.ValueTuple`3<System.Int32,System.Int32,System.Int32> LongNumber.ConwayWechslerNotation::SplitSegmentNumber(System.Int32)
DA:162,13
DA:163,39
DA:164,26
DA:166,13
DA:167,3
DA:168,3
DA:169,3
DA:170,3
DA:171,3
DA:172,13
DA:173,12
DA:174,12
DA:175,12
DA:176,12
DA:177,12
DA:178,13
DA:179,11
DA:180,11
DA:181,11
DA:183,13
DA:184,13
BRDA:166,23,0,3
BRDA:166,23,1,13
BRDA:172,53,0,12
BRDA:172,53,1,13
BRDA:178,82,0,11
BRDA:178,82,1,13
FN:41,System.Void LongNumber.ConwayWechslerNotation::.cctor()
FNDA:1,System.Void LongNumber.ConwayWechslerNotation::.cctor()
DA:42,1
DA:43,1
DA:44,1
DA:45,1
DA:46,1
DA:47,1
DA:48,1
DA:49,1
DA:50,1
DA:51,1
DA:52,1
DA:54,1
DA:55,1
DA:56,1
DA:57,1
DA:58,1
DA:59,1
DA:60,1
DA:61,1
DA:62,1
DA:63,1
DA:64,1
DA:66,1
DA:67,1
DA:68,1
DA:69,1
DA:70,1
DA:71,1
DA:72,1
DA:73,1
DA:74,1
DA:75,1
DA:76,1
FN:39,System.String LongNumber.ConwayWechslerNotation/LatinComponent::get_Component()
FNDA:179,System.String LongNumber.ConwayWechslerNotation/LatinComponent::get_Component()
DA:40,179
LF:97
LH:97
BRF:37
BRH:37
FNF:4
FNH:4
end_of_record
SF:C:\Users\pearsna\Development\csharp\LongNumber\LongNumber\src\LongNumber.cs
FN:19,System.String LongNumber.LongNumber::ConvertToLongForm(System.String)
FNDA:9,System.String LongNumber.LongNumber::ConvertToLongForm(System.String)
DA:20,9
DA:21,9
DA:22,57
DA:23,15
DA:24,15
DA:25,15
DA:27,9
DA:28,1
DA:29,1
DA:32,8
DA:33,8
DA:34,8
DA:36,9
BRDA:22,56,1,15
BRDA:22,56,0,9
BRDA:27,71,0,1
BRDA:27,71,1,8
FN:38,System.String LongNumber.LongNumber::ConvertCurrencyToLongForm(System.String)
FNDA:14,System.String LongNumber.LongNumber::ConvertCurrencyToLongForm(System.String)
DA:39,14
DA:40,14
DA:41,14
DA:42,7
DA:43,7
DA:46,7
DA:48,7
DA:49,7
DA:50,7
DA:51,1
DA:52,1
DA:53,1
DA:54,7
DA:56,7
DA:57,7
DA:58,7
DA:59,7
DA:60,7
DA:61,2
DA:62,2
DA:63,2
DA:64,5
DA:65,1
DA:66,1
DA:67,1
DA:69,4
DA:70,28
DA:71,8
DA:72,8
DA:73,8
DA:74,4
DA:75,4
DA:76,7
DA:78,7
DA:79,7
DA:80,7
DA:81,7
DA:82,3
DA:83,3
DA:84,2
DA:85,2
DA:86,2
DA:88,3
DA:89,1
DA:90,1
DA:91,1
DA:93,2
DA:94,2
DA:95,2
DA:96,2
DA:97,2
DA:98,3
DA:99,7
DA:101,7
DA:102,1
DA:103,1
DA:106,6
DA:107,6
DA:108,6
DA:110,7
BRDA:41,26,0,7
BRDA:41,26,1,7
BRDA:48,73,0,7
BRDA:50,96,0,1
BRDA:50,96,1,7
BRDA:48,73,1,7
BRDA:57,137,0,7
BRDA:60,188,0,2
BRDA:60,188,1,5
BRDA:64,212,0,1
BRDA:64,212,1,4
BRDA:70,284,1,8
BRDA:70,284,0,4
BRDA:57,137,1,7
BRDA:78,322,0,7
BRDA:81,358,0,3
BRDA:83,366,0,2
BRDA:83,366,1,3
BRDA:88,398,0,1
BRDA:88,398,1,2
BRDA:81,358,1,7
BRDA:78,322,1,7
BRDA:101,469,0,1
BRDA:101,469,1,6
FN:112,System.Void LongNumber.LongNumber::CapitalizeFirstWord(System.Collections.Generic.List`1<System.String>)
FNDA:14,System.Void LongNumber.LongNumber::CapitalizeFirstWord(System.Collections.Generic.List`1<System.String>)
DA:113,14
DA:114,14
DA:116,14
DA:117,14
DA:118,14
DA:119,14
BRDA:114,12,1,14
BRDA:114,12,0,14
FN:8,System.Void LongNumber.LongNumber::.cctor()
FNDA:1,System.Void LongNumber.LongNumber::.cctor()
DA:9,1
DA:10,1
DA:11,1
DA:12,1
DA:13,1
DA:14,1
DA:15,1
DA:16,1
DA:17,1
LF:88
LH:88
BRF:30
BRH:30
FNF:4
FNH:4
end_of_record
SF:C:\Users\pearsna\Development\csharp\LongNumber\LongNumber\src\NumericSegment.cs
FN:22,System.Int32 LongNumber.NumericSegment::get_Segment()
FNDA:116,System.Int32 LongNumber.NumericSegment::get_Segment()
DA:23,116
FN:23,System.Int32 LongNumber.NumericSegment::get_Hundreds()
FNDA:230,System.Int32 LongNumber.NumericSegment::get_Hundreds()
DA:24,230
FN:24,System.Int32 LongNumber.NumericSegment::get_Tens()
FNDA:296,System.Int32 LongNumber.NumericSegment::get_Tens()
DA:25,296
FN:25,System.Int32 LongNumber.NumericSegment::get_Ones()
FNDA:215,System.Int32 LongNumber.NumericSegment::get_Ones()
DA:26,215
FN:45,System.Void LongNumber.NumericSegment::AppendToCollection(System.Collections.Generic.ICollection`1<System.String>)
FNDA:39,System.Void LongNumber.NumericSegment::AppendToCollection(System.Collections.Generic.ICollection`1<System.String>)
DA:46,39
DA:56,53
DA:58,32
DA:59,32
DA:60,32
DA:61,39
BRDA:56,7,0,30
BRDA:56,15,0,14
BRDA:56,7,1,25
BRDA:56,15,1,25
BRDA:56,31,0,7
BRDA:56,31,1,32
FN:63,System.Void LongNumber.NumericSegment::AppendHundredsComponent(System.Collections.Generic.ICollection`1<System.String>)
FNDA:32,System.Void LongNumber.NumericSegment::AppendHundredsComponent(System.Collections.Generic.ICollection`1<System.String>)
DA:64,32
DA:65,32
DA:66,9
DA:68,9
DA:69,9
DA:70,9
DA:71,32
BRDA:65,12,0,9
BRDA:65,12,1,32
FN:73,System.Void LongNumber.NumericSegment::AppendTensAndOnesComponent(System.Collections.Generic.ICollection`1<System.String>)
FNDA:32,System.Void LongNumber.NumericSegment::AppendTensAndOnesComponent(System.Collections.Generic.ICollection`1<System.String>)
DA:74,32
DA:75,32
DA:76,2
DA:78,2
DA:79,30
DA:80,6
DA:82,6
DA:83,6
DA:84,24
DA:85,10
DA:87,10
DA:88,10
DA:89,10
DA:91,14
DA:93,14
DA:94,14
DA:95,14
DA:96,32
BRDA:75,7,0,9
BRDA:75,7,1,23
BRDA:75,23,0,2
BRDA:75,23,1,30
BRDA:79,39,0,16
BRDA:79,39,1,14
BRDA:79,55,0,6
BRDA:79,55,1,24
BRDA:84,93,0,10
BRDA:84,93,1,14
FN:98,System.Void LongNumber.NumericSegment::AppendSuffixComponent(System.Collections.Generic.ICollection`1<System.String>)
FNDA:32,System.Void LongNumber.NumericSegment::AppendSuffixComponent(System.Collections.Generic.ICollection`1<System.String>)
DA:99,32
DA:100,32
DA:101,19
DA:103,19
DA:104,13
DA:105,11
DA:107,11
DA:108,11
DA:110,2
DA:112,2
DA:113,2
DA:114,32
BRDA:100,12,0,19
BRDA:100,12,1,13
BRDA:104,37,0,11
BRDA:104,37,1,2
FN:116,System.String LongNumber.NumericSegment::ToString()
FNDA:14,System.String LongNumber.NumericSegment::ToString()
DA:117,14
DA:118,14
DA:119,14
DA:120,14
DA:121,14
FN:28,System.Void LongNumber.NumericSegment::.ctor(System.Int32,System.ReadOnlySpan`1<System.Char>)
FNDA:50,System.Void LongNumber.NumericSegment::.ctor(System.Int32,System.ReadOnlySpan`1<System.Char>)
DA:29,50
DA:30,50
DA:31,50
DA:33,84
DA:34,64
DA:35,44
DA:36,2
DA:39,48
DA:40,1
DA:41,1
DA:43,47
BRDA:31,22,3,21
BRDA:31,22,2,16
BRDA:31,22,1,11
BRDA:31,22,0,2
BRDA:39,211,0,48
BRDA:39,221,0,47
BRDA:39,230,0,47
BRDA:39,240,0,47
BRDA:39,249,0,47
BRDA:39,211,1,1
BRDA:39,221,1,1
BRDA:39,230,1,1
BRDA:39,240,1,1
BRDA:39,249,1,1
BRDA:39,266,0,1
BRDA:39,266,1,47
FN:7,System.Void LongNumber.NumericSegment::.cctor()
FNDA:1,System.Void LongNumber.NumericSegment::.cctor()
DA:8,1
DA:9,1
DA:10,1
DA:11,1
DA:12,1
DA:14,1
DA:15,1
DA:16,1
DA:18,1
DA:19,1
DA:20,1
DA:21,1
LF:75
LH:75
BRF:38
BRH:38
FNF:11
FNH:11
end_of_record
SF:C:\Users\pearsna\Development\csharp\LongNumber\LongNumber\src\NumericSegmentEnumerator.cs
FN:10,LongNumber.NumericSegment LongNumber.NumericSegmentEnumerator::get_Current()
FNDA:81,LongNumber.NumericSegment LongNumber.NumericSegmentEnumerator::get_Current()
DA:11,81
FN:39,LongNumber.NumericSegmentEnumerator LongNumber.NumericSegmentEnumerator::GetEnumerator()
FNDA:19,LongNumber.NumericSegmentEnumerator LongNumber.NumericSegmentEnumerator::GetEnumerator()
DA:40,19
FN:42,System.Boolean LongNumber.NumericSegmentEnumerator::MoveNext()
FNDA:50,System.Boolean LongNumber.NumericSegmentEnumerator::MoveNext()
DA:43,50
DA:44,88
DA:46,31
DA:47,31
DA:49,31
DA:50,13
DA:51,13
DA:52,13
DA:53,13
DA:55,18
DA:56,18
DA:57,18
DA:59,31
DA:60,50
BRDA:44,17,0,19
BRDA:44,17,1,31
BRDA:49,78,0,13
BRDA:49,78,1,18
FN:13,System.Void LongNumber.NumericSegmentEnumerator::.ctor(System.ReadOnlySpan`1<System.Char>)
FNDA:19,System.Void LongNumber.NumericSegmentEnumerator::.ctor(System.ReadOnlySpan`1<System.Char>)
DA:14,19
DA:15,19
DA:16,1
DA:17,1
DA:18,1
DA:19,1
DA:20,1
DA:22,18
DA:23,18
DA:24,18
DA:25,15
DA:26,15
DA:27,15
DA:28,15
DA:30,3
DA:31,3
DA:32,3
DA:33,3
DA:34,18
DA:36,19
DA:37,19
DA:38,19
BRDA:15,13,0,1
BRDA:15,13,1,18
BRDA:24,65,0,15
BRDA:24,65,1,3
LF:38
LH:38
BRF:8
BRH:8
FNF:4
FNH:4
end_of_record